<?xml version="1.0" encoding="UTF-8"?>
<testsuite name="test.milk.start.AppHttpTest" tests="2" skipped="0" failures="0" errors="0" timestamp="2022-05-01T00:27:15" hostname="Anuhyas-MacBook-Air.local" time="0.182">
  <properties/>
  <testcase name="testIndex" classname="test.milk.start.AppHttpTest" time="0.072"/>
  <testcase name="testQuantity" classname="test.milk.start.AppHttpTest" time="0.109"/>
  <system-out><![CDATA[2022-04-30 18:27:15.168 [Test worker] INFO  com.zaxxer.hikari.HikariDataSource - HikariPool-8 - Starting...
2022-04-30 18:27:15.178 [Test worker] INFO  com.zaxxer.hikari.HikariDataSource - HikariPool-8 - Start completed.
2022-04-30 18:27:15.211 [Test worker] INFO  ktor.test - No ktor.deployment.watch patterns match classpath entries, automatic reload is not active
2022-04-30 18:27:15.224 [DefaultDispatcher-worker-2 @request#13] INFO  com.zaxxer.hikari.HikariDataSource - HikariPool-9 - Starting...
2022-04-30 18:27:15.233 [DefaultDispatcher-worker-2 @request#13] INFO  com.zaxxer.hikari.HikariDataSource - HikariPool-9 - Start completed.
2022-04-30 18:27:15.240 [Test worker] INFO  com.zaxxer.hikari.HikariDataSource - HikariPool-10 - Starting...
2022-04-30 18:27:15.248 [Test worker] INFO  com.zaxxer.hikari.HikariDataSource - HikariPool-10 - Start completed.
2022-04-30 18:27:15.283 [Test worker] INFO  ktor.test - No ktor.deployment.watch patterns match classpath entries, automatic reload is not active
2022-04-30 18:27:15.312 [DefaultDispatcher-worker-12 @request#96] INFO  com.zaxxer.hikari.HikariDataSource - HikariPool-11 - Starting...
2022-04-30 18:27:15.321 [DefaultDispatcher-worker-12 @request#96] INFO  com.zaxxer.hikari.HikariDataSource - HikariPool-11 - Start completed.
2022-04-30 18:27:15.324 [DefaultDispatcher-worker-12 @request#96] INFO  io.ktor.application.Application - current inventory milk, quantity=131, product_id=105442
2022-04-30 18:27:15.324 [DefaultDispatcher-worker-12 @request#96] INFO  io.ktor.application.Application - received purchase for milk, quantity=1, product_id=105442
2022-04-30 18:27:15.327 [DefaultDispatcher-worker-24 @request#114] INFO  io.ktor.application.Application - current inventory milk, quantity=131, product_id=105442
2022-04-30 18:27:15.327 [DefaultDispatcher-worker-24 @request#114] INFO  io.ktor.application.Application - received purchase for milk, quantity=1, product_id=105442
2022-04-30 18:27:15.327 [DefaultDispatcher-worker-40 @request#144] INFO  io.ktor.application.Application - current inventory milk, quantity=131, product_id=105442
2022-04-30 18:27:15.327 [DefaultDispatcher-worker-40 @request#144] INFO  io.ktor.application.Application - received purchase for milk, quantity=1, product_id=105442
2022-04-30 18:27:15.328 [DefaultDispatcher-worker-37 @request#140] INFO  io.ktor.application.Application - current inventory milk, quantity=131, product_id=105442
2022-04-30 18:27:15.328 [DefaultDispatcher-worker-37 @request#140] INFO  io.ktor.application.Application - received purchase for milk, quantity=1, product_id=105442
2022-04-30 18:27:15.328 [DefaultDispatcher-worker-39 @request#142] INFO  io.ktor.application.Application - current inventory milk, quantity=131, product_id=105442
2022-04-30 18:27:15.328 [DefaultDispatcher-worker-39 @request#142] INFO  io.ktor.application.Application - received purchase for milk, quantity=1, product_id=105442
2022-04-30 18:27:15.328 [DefaultDispatcher-worker-34 @request#138] INFO  io.ktor.application.Application - current inventory milk, quantity=131, product_id=105442
2022-04-30 18:27:15.328 [DefaultDispatcher-worker-34 @request#138] INFO  io.ktor.application.Application - received purchase for milk, quantity=1, product_id=105442
2022-04-30 18:27:15.329 [DefaultDispatcher-worker-36 @request#136] INFO  io.ktor.application.Application - current inventory milk, quantity=131, product_id=105442
2022-04-30 18:27:15.329 [DefaultDispatcher-worker-36 @request#136] INFO  io.ktor.application.Application - received purchase for milk, quantity=1, product_id=105442
2022-04-30 18:27:15.329 [DefaultDispatcher-worker-30 @request#130] INFO  io.ktor.application.Application - current inventory milk, quantity=131, product_id=105442
2022-04-30 18:27:15.330 [DefaultDispatcher-worker-30 @request#130] INFO  io.ktor.application.Application - received purchase for milk, quantity=1, product_id=105442
2022-04-30 18:27:15.330 [DefaultDispatcher-worker-35 @request#134] INFO  io.ktor.application.Application - current inventory milk, quantity=131, product_id=105442
2022-04-30 18:27:15.330 [DefaultDispatcher-worker-35 @request#134] INFO  io.ktor.application.Application - received purchase for milk, quantity=1, product_id=105442
2022-04-30 18:27:15.330 [DefaultDispatcher-worker-41 @request#148] INFO  io.ktor.application.Application - current inventory milk, quantity=131, product_id=105442
2022-04-30 18:27:15.330 [DefaultDispatcher-worker-41 @request#148] INFO  io.ktor.application.Application - received purchase for milk, quantity=1, product_id=105442
2022-04-30 18:27:15.330 [DefaultDispatcher-worker-31 @request#128] INFO  io.ktor.application.Application - current inventory milk, quantity=131, product_id=105442
2022-04-30 18:27:15.330 [DefaultDispatcher-worker-31 @request#128] INFO  io.ktor.application.Application - received purchase for milk, quantity=1, product_id=105442
2022-04-30 18:27:15.331 [DefaultDispatcher-worker-32 @request#126] INFO  io.ktor.application.Application - current inventory milk, quantity=131, product_id=105442
2022-04-30 18:27:15.331 [DefaultDispatcher-worker-32 @request#126] INFO  io.ktor.application.Application - received purchase for milk, quantity=1, product_id=105442
2022-04-30 18:27:15.331 [DefaultDispatcher-worker-33 @request#132] INFO  io.ktor.application.Application - current inventory milk, quantity=131, product_id=105442
2022-04-30 18:27:15.331 [DefaultDispatcher-worker-33 @request#132] INFO  io.ktor.application.Application - received purchase for milk, quantity=1, product_id=105442
2022-04-30 18:27:15.331 [DefaultDispatcher-worker-25 @request#122] INFO  io.ktor.application.Application - current inventory milk, quantity=131, product_id=105442
2022-04-30 18:27:15.332 [DefaultDispatcher-worker-25 @request#122] INFO  io.ktor.application.Application - received purchase for milk, quantity=1, product_id=105442
2022-04-30 18:27:15.332 [DefaultDispatcher-worker-29 @request#124] INFO  io.ktor.application.Application - current inventory milk, quantity=131, product_id=105442
2022-04-30 18:27:15.332 [DefaultDispatcher-worker-28 @request#120] INFO  io.ktor.application.Application - current inventory milk, quantity=131, product_id=105442
2022-04-30 18:27:15.332 [DefaultDispatcher-worker-29 @request#124] INFO  io.ktor.application.Application - received purchase for milk, quantity=1, product_id=105442
2022-04-30 18:27:15.332 [DefaultDispatcher-worker-28 @request#120] INFO  io.ktor.application.Application - received purchase for milk, quantity=1, product_id=105442
2022-04-30 18:27:15.332 [DefaultDispatcher-worker-27 @request#116] INFO  io.ktor.application.Application - current inventory milk, quantity=131, product_id=105442
2022-04-30 18:27:15.332 [DefaultDispatcher-worker-5 @request#80] INFO  io.ktor.application.Application - current inventory milk, quantity=131, product_id=105442
2022-04-30 18:27:15.332 [DefaultDispatcher-worker-5 @request#80] INFO  io.ktor.application.Application - received purchase for milk, quantity=1, product_id=105442
2022-04-30 18:27:15.332 [DefaultDispatcher-worker-27 @request#116] INFO  io.ktor.application.Application - received purchase for milk, quantity=1, product_id=105442
2022-04-30 18:27:15.332 [DefaultDispatcher-worker-7 @request#76] INFO  io.ktor.application.Application - current inventory milk, quantity=131, product_id=105442
2022-04-30 18:27:15.332 [DefaultDispatcher-worker-7 @request#76] INFO  io.ktor.application.Application - received purchase for milk, quantity=1, product_id=105442
2022-04-30 18:27:15.333 [DefaultDispatcher-worker-11 @request#84] INFO  io.ktor.application.Application - current inventory milk, quantity=131, product_id=105442
2022-04-30 18:27:15.333 [DefaultDispatcher-worker-11 @request#84] INFO  io.ktor.application.Application - received purchase for milk, quantity=1, product_id=105442
2022-04-30 18:27:15.333 [DefaultDispatcher-worker-26 @request#118] INFO  io.ktor.application.Application - current inventory milk, quantity=131, product_id=105442
2022-04-30 18:27:15.333 [DefaultDispatcher-worker-26 @request#118] INFO  io.ktor.application.Application - received purchase for milk, quantity=1, product_id=105442
2022-04-30 18:27:15.333 [DefaultDispatcher-worker-16 @request#98] INFO  io.ktor.application.Application - current inventory milk, quantity=131, product_id=105442
2022-04-30 18:27:15.333 [DefaultDispatcher-worker-16 @request#98] INFO  io.ktor.application.Application - received purchase for milk, quantity=1, product_id=105442
2022-04-30 18:27:15.333 [DefaultDispatcher-worker-9 @request#88] INFO  io.ktor.application.Application - current inventory milk, quantity=131, product_id=105442
2022-04-30 18:27:15.333 [DefaultDispatcher-worker-22 @request#110] INFO  io.ktor.application.Application - current inventory milk, quantity=131, product_id=105442
2022-04-30 18:27:15.333 [DefaultDispatcher-worker-9 @request#88] INFO  io.ktor.application.Application - received purchase for milk, quantity=1, product_id=105442
2022-04-30 18:27:15.333 [DefaultDispatcher-worker-22 @request#110] INFO  io.ktor.application.Application - received purchase for milk, quantity=1, product_id=105442
2022-04-30 18:27:15.333 [DefaultDispatcher-worker-1 @request#72] INFO  io.ktor.application.Application - current inventory milk, quantity=131, product_id=105442
2022-04-30 18:27:15.333 [DefaultDispatcher-worker-1 @request#72] INFO  io.ktor.application.Application - received purchase for milk, quantity=1, product_id=105442
2022-04-30 18:27:15.333 [DefaultDispatcher-worker-10 @request#86] INFO  io.ktor.application.Application - current inventory milk, quantity=131, product_id=105442
2022-04-30 18:27:15.333 [DefaultDispatcher-worker-10 @request#86] INFO  io.ktor.application.Application - received purchase for milk, quantity=1, product_id=105442
2022-04-30 18:27:15.334 [DefaultDispatcher-worker-18 @request#102] INFO  io.ktor.application.Application - current inventory milk, quantity=131, product_id=105442
2022-04-30 18:27:15.334 [DefaultDispatcher-worker-17 @request#104] INFO  io.ktor.application.Application - current inventory milk, quantity=131, product_id=105442
2022-04-30 18:27:15.334 [DefaultDispatcher-worker-17 @request#104] INFO  io.ktor.application.Application - received purchase for milk, quantity=1, product_id=105442
2022-04-30 18:27:15.334 [DefaultDispatcher-worker-18 @request#102] INFO  io.ktor.application.Application - received purchase for milk, quantity=1, product_id=105442
2022-04-30 18:27:15.334 [DefaultDispatcher-worker-14 @request#94] INFO  io.ktor.application.Application - current inventory milk, quantity=131, product_id=105442
2022-04-30 18:27:15.334 [DefaultDispatcher-worker-14 @request#94] INFO  io.ktor.application.Application - received purchase for milk, quantity=1, product_id=105442
2022-04-30 18:27:15.334 [DefaultDispatcher-worker-43 @request#150] INFO  io.ktor.application.Application - current inventory milk, quantity=131, product_id=105442
2022-04-30 18:27:15.334 [DefaultDispatcher-worker-43 @request#150] INFO  io.ktor.application.Application - received purchase for milk, quantity=1, product_id=105442
2022-04-30 18:27:15.334 [DefaultDispatcher-worker-15 @request#92] INFO  io.ktor.application.Application - current inventory milk, quantity=131, product_id=105442
2022-04-30 18:27:15.334 [DefaultDispatcher-worker-44 @request#152] INFO  io.ktor.application.Application - current inventory milk, quantity=131, product_id=105442
2022-04-30 18:27:15.335 [DefaultDispatcher-worker-44 @request#152] INFO  io.ktor.application.Application - received purchase for milk, quantity=1, product_id=105442
2022-04-30 18:27:15.334 [DefaultDispatcher-worker-15 @request#92] INFO  io.ktor.application.Application - received purchase for milk, quantity=1, product_id=105442
2022-04-30 18:27:15.335 [DefaultDispatcher-worker-8 @request#82] INFO  io.ktor.application.Application - current inventory milk, quantity=131, product_id=105442
2022-04-30 18:27:15.335 [DefaultDispatcher-worker-8 @request#82] INFO  io.ktor.application.Application - received purchase for milk, quantity=1, product_id=105442
2022-04-30 18:27:15.335 [DefaultDispatcher-worker-13 @request#90] INFO  io.ktor.application.Application - current inventory milk, quantity=131, product_id=105442
2022-04-30 18:27:15.335 [DefaultDispatcher-worker-13 @request#90] INFO  io.ktor.application.Application - received purchase for milk, quantity=1, product_id=105442
2022-04-30 18:27:15.335 [DefaultDispatcher-worker-4 @request#74] INFO  io.ktor.application.Application - current inventory milk, quantity=131, product_id=105442
2022-04-30 18:27:15.335 [DefaultDispatcher-worker-4 @request#74] INFO  io.ktor.application.Application - received purchase for milk, quantity=1, product_id=105442
2022-04-30 18:27:15.336 [DefaultDispatcher-worker-20 @request#106] INFO  io.ktor.application.Application - current inventory milk, quantity=131, product_id=105442
2022-04-30 18:27:15.336 [DefaultDispatcher-worker-20 @request#106] INFO  io.ktor.application.Application - received purchase for milk, quantity=1, product_id=105442
2022-04-30 18:27:15.336 [DefaultDispatcher-worker-6 @request#78] INFO  io.ktor.application.Application - current inventory milk, quantity=131, product_id=105442
2022-04-30 18:27:15.336 [DefaultDispatcher-worker-6 @request#78] INFO  io.ktor.application.Application - received purchase for milk, quantity=1, product_id=105442
2022-04-30 18:27:15.335 [DefaultDispatcher-worker-2 @request#70] INFO  io.ktor.application.Application - current inventory milk, quantity=131, product_id=105442
2022-04-30 18:27:15.336 [DefaultDispatcher-worker-2 @request#70] INFO  io.ktor.application.Application - received purchase for milk, quantity=1, product_id=105442
2022-04-30 18:27:15.338 [DefaultDispatcher-worker-21 @request#112] INFO  io.ktor.application.Application - current inventory milk, quantity=131, product_id=105442
2022-04-30 18:27:15.338 [DefaultDispatcher-worker-23 @request#108] INFO  io.ktor.application.Application - current inventory milk, quantity=131, product_id=105442
2022-04-30 18:27:15.338 [DefaultDispatcher-worker-21 @request#112] INFO  io.ktor.application.Application - received purchase for milk, quantity=1, product_id=105442
2022-04-30 18:27:15.338 [DefaultDispatcher-worker-23 @request#108] INFO  io.ktor.application.Application - received purchase for milk, quantity=1, product_id=105442
2022-04-30 18:27:15.338 [DefaultDispatcher-worker-3 @request#68] INFO  io.ktor.application.Application - current inventory milk, quantity=131, product_id=105442
2022-04-30 18:27:15.338 [DefaultDispatcher-worker-45 @request#154] INFO  io.ktor.application.Application - current inventory milk, quantity=131, product_id=105442
2022-04-30 18:27:15.338 [DefaultDispatcher-worker-3 @request#68] INFO  io.ktor.application.Application - received purchase for milk, quantity=1, product_id=105442
2022-04-30 18:27:15.338 [DefaultDispatcher-worker-45 @request#154] INFO  io.ktor.application.Application - received purchase for milk, quantity=1, product_id=105442
2022-04-30 18:27:15.338 [DefaultDispatcher-worker-19 @request#100] INFO  io.ktor.application.Application - current inventory milk, quantity=131, product_id=105442
2022-04-30 18:27:15.338 [DefaultDispatcher-worker-19 @request#100] INFO  io.ktor.application.Application - received purchase for milk, quantity=1, product_id=105442
2022-04-30 18:27:15.339 [DefaultDispatcher-worker-46 @request#156] INFO  io.ktor.application.Application - current inventory milk, quantity=131, product_id=105442
2022-04-30 18:27:15.339 [DefaultDispatcher-worker-46 @request#156] INFO  io.ktor.application.Application - received purchase for milk, quantity=1, product_id=105442
2022-04-30 18:27:15.339 [DefaultDispatcher-worker-42 @request#162] INFO  io.ktor.application.Application - current inventory milk, quantity=131, product_id=105442
2022-04-30 18:27:15.339 [DefaultDispatcher-worker-38 @request#146] INFO  io.ktor.application.Application - current inventory milk, quantity=131, product_id=105442
2022-04-30 18:27:15.339 [DefaultDispatcher-worker-38 @request#146] INFO  io.ktor.application.Application - received purchase for milk, quantity=1, product_id=105442
2022-04-30 18:27:15.339 [DefaultDispatcher-worker-42 @request#162] INFO  io.ktor.application.Application - received purchase for milk, quantity=1, product_id=105442
2022-04-30 18:27:15.339 [DefaultDispatcher-worker-47 @request#158] INFO  io.ktor.application.Application - current inventory milk, quantity=131, product_id=105442
2022-04-30 18:27:15.339 [DefaultDispatcher-worker-47 @request#158] INFO  io.ktor.application.Application - received purchase for milk, quantity=1, product_id=105442
2022-04-30 18:27:15.339 [DefaultDispatcher-worker-48 @request#160] INFO  io.ktor.application.Application - current inventory milk, quantity=131, product_id=105442
2022-04-30 18:27:15.339 [DefaultDispatcher-worker-48 @request#160] INFO  io.ktor.application.Application - received purchase for milk, quantity=1, product_id=105442
2022-04-30 18:27:15.340 [DefaultDispatcher-worker-51 @request#164] INFO  io.ktor.application.Application - current inventory milk, quantity=131, product_id=105442
2022-04-30 18:27:15.340 [DefaultDispatcher-worker-49 @request#166] INFO  io.ktor.application.Application - current inventory milk, quantity=131, product_id=105442
2022-04-30 18:27:15.340 [DefaultDispatcher-worker-49 @request#166] INFO  io.ktor.application.Application - received purchase for milk, quantity=1, product_id=105442
2022-04-30 18:27:15.340 [DefaultDispatcher-worker-51 @request#164] INFO  io.ktor.application.Application - received purchase for milk, quantity=1, product_id=105442
hello
content.contains(81)
]]></system-out>
  <system-err><![CDATA[]]></system-err>
</testsuite>
