<?xml version="1.0" encoding="UTF-8"?>
<testsuite name="test.milk.database.DatabaseTemplateTest" tests="2" skipped="0" failures="0" errors="0" timestamp="2022-05-01T00:25:32" hostname="Anuhyas-MacBook-Air.local" time="0.157">
  <properties/>
  <testcase name="testFind" classname="test.milk.database.DatabaseTemplateTest" time="0.143"/>
  <testcase name="testFindObject" classname="test.milk.database.DatabaseTemplateTest" time="0.013"/>
  <system-out><![CDATA[18:25:32.990 [Test worker] DEBUG com.zaxxer.hikari.HikariConfig - HikariPool-1 - configuration:
18:25:32.996 [Test worker] DEBUG com.zaxxer.hikari.HikariConfig - allowPoolSuspension.............false
18:25:32.996 [Test worker] DEBUG com.zaxxer.hikari.HikariConfig - autoCommit......................true
18:25:32.997 [Test worker] DEBUG com.zaxxer.hikari.HikariConfig - catalog.........................none
18:25:32.997 [Test worker] DEBUG com.zaxxer.hikari.HikariConfig - connectionInitSql...............none
18:25:32.997 [Test worker] DEBUG com.zaxxer.hikari.HikariConfig - connectionTestQuery.............none
18:25:32.997 [Test worker] DEBUG com.zaxxer.hikari.HikariConfig - connectionTimeout...............30000
18:25:32.997 [Test worker] DEBUG com.zaxxer.hikari.HikariConfig - dataSource......................none
18:25:32.997 [Test worker] DEBUG com.zaxxer.hikari.HikariConfig - dataSourceClassName.............none
18:25:32.997 [Test worker] DEBUG com.zaxxer.hikari.HikariConfig - dataSourceJNDI..................none
18:25:32.998 [Test worker] DEBUG com.zaxxer.hikari.HikariConfig - dataSourceProperties............{password=<masked>}
18:25:32.998 [Test worker] DEBUG com.zaxxer.hikari.HikariConfig - driverClassName.................none
18:25:32.998 [Test worker] DEBUG com.zaxxer.hikari.HikariConfig - healthCheckProperties...........{}
18:25:32.999 [Test worker] DEBUG com.zaxxer.hikari.HikariConfig - healthCheckRegistry.............none
18:25:32.999 [Test worker] DEBUG com.zaxxer.hikari.HikariConfig - idleTimeout.....................600000
18:25:32.999 [Test worker] DEBUG com.zaxxer.hikari.HikariConfig - initializationFailTimeout.......1
18:25:33.003 [Test worker] DEBUG com.zaxxer.hikari.HikariConfig - isolateInternalQueries..........false
18:25:33.004 [Test worker] DEBUG com.zaxxer.hikari.HikariConfig - jdbcUrl.........................jdbc:postgresql://localhost:5432/milk_test
18:25:33.004 [Test worker] DEBUG com.zaxxer.hikari.HikariConfig - leakDetectionThreshold..........0
18:25:33.005 [Test worker] DEBUG com.zaxxer.hikari.HikariConfig - maxLifetime.....................1800000
18:25:33.005 [Test worker] DEBUG com.zaxxer.hikari.HikariConfig - maximumPoolSize.................2
18:25:33.006 [Test worker] DEBUG com.zaxxer.hikari.HikariConfig - metricRegistry..................none
18:25:33.007 [Test worker] DEBUG com.zaxxer.hikari.HikariConfig - metricsTrackerFactory...........none
18:25:33.007 [Test worker] DEBUG com.zaxxer.hikari.HikariConfig - minimumIdle.....................2
18:25:33.007 [Test worker] DEBUG com.zaxxer.hikari.HikariConfig - password........................<masked>
18:25:33.007 [Test worker] DEBUG com.zaxxer.hikari.HikariConfig - poolName........................"HikariPool-1"
18:25:33.007 [Test worker] DEBUG com.zaxxer.hikari.HikariConfig - readOnly........................false
18:25:33.007 [Test worker] DEBUG com.zaxxer.hikari.HikariConfig - registerMbeans..................false
18:25:33.007 [Test worker] DEBUG com.zaxxer.hikari.HikariConfig - scheduledExecutor...............none
18:25:33.007 [Test worker] DEBUG com.zaxxer.hikari.HikariConfig - schema..........................none
18:25:33.008 [Test worker] DEBUG com.zaxxer.hikari.HikariConfig - threadFactory...................internal
18:25:33.008 [Test worker] DEBUG com.zaxxer.hikari.HikariConfig - transactionIsolation............default
18:25:33.008 [Test worker] DEBUG com.zaxxer.hikari.HikariConfig - username........................"milk"
18:25:33.008 [Test worker] DEBUG com.zaxxer.hikari.HikariConfig - validationTimeout...............5000
18:25:33.008 [Test worker] INFO com.zaxxer.hikari.HikariDataSource - HikariPool-1 - Starting...
18:25:33.023 [Test worker] DEBUG com.zaxxer.hikari.util.DriverDataSource - Loaded driver with class name org.postgresql.Driver for jdbcUrl=jdbc:postgresql://localhost:5432/milk_test
18:25:33.104 [Test worker] DEBUG com.zaxxer.hikari.pool.HikariPool - HikariPool-1 - Added connection org.postgresql.jdbc.PgConnection@64c63c79
18:25:33.105 [Test worker] INFO com.zaxxer.hikari.HikariDataSource - HikariPool-1 - Start completed.
18:25:33.132 [Test worker] DEBUG com.zaxxer.hikari.HikariConfig - HikariPool-2 - configuration:
18:25:33.133 [Test worker] DEBUG com.zaxxer.hikari.HikariConfig - allowPoolSuspension.............false
18:25:33.133 [Test worker] DEBUG com.zaxxer.hikari.HikariConfig - autoCommit......................true
18:25:33.133 [Test worker] DEBUG com.zaxxer.hikari.HikariConfig - catalog.........................none
18:25:33.133 [Test worker] DEBUG com.zaxxer.hikari.HikariConfig - connectionInitSql...............none
18:25:33.133 [Test worker] DEBUG com.zaxxer.hikari.HikariConfig - connectionTestQuery.............none
18:25:33.133 [Test worker] DEBUG com.zaxxer.hikari.HikariConfig - connectionTimeout...............30000
18:25:33.133 [Test worker] DEBUG com.zaxxer.hikari.HikariConfig - dataSource......................none
18:25:33.133 [Test worker] DEBUG com.zaxxer.hikari.HikariConfig - dataSourceClassName.............none
18:25:33.133 [Test worker] DEBUG com.zaxxer.hikari.HikariConfig - dataSourceJNDI..................none
18:25:33.133 [Test worker] DEBUG com.zaxxer.hikari.HikariConfig - dataSourceProperties............{password=<masked>}
18:25:33.133 [Test worker] DEBUG com.zaxxer.hikari.HikariConfig - driverClassName.................none
18:25:33.133 [Test worker] DEBUG com.zaxxer.hikari.HikariConfig - healthCheckProperties...........{}
18:25:33.133 [Test worker] DEBUG com.zaxxer.hikari.HikariConfig - healthCheckRegistry.............none
18:25:33.134 [Test worker] DEBUG com.zaxxer.hikari.HikariConfig - idleTimeout.....................600000
18:25:33.134 [Test worker] DEBUG com.zaxxer.hikari.HikariConfig - initializationFailTimeout.......1
18:25:33.134 [Test worker] DEBUG com.zaxxer.hikari.HikariConfig - isolateInternalQueries..........false
18:25:33.134 [Test worker] DEBUG com.zaxxer.hikari.HikariConfig - jdbcUrl.........................jdbc:postgresql://localhost:5432/milk_test
18:25:33.134 [Test worker] DEBUG com.zaxxer.hikari.HikariConfig - leakDetectionThreshold..........0
18:25:33.134 [Test worker] DEBUG com.zaxxer.hikari.HikariConfig - maxLifetime.....................1800000
18:25:33.134 [Test worker] DEBUG com.zaxxer.hikari.HikariConfig - maximumPoolSize.................2
18:25:33.134 [Test worker] DEBUG com.zaxxer.hikari.HikariConfig - metricRegistry..................none
18:25:33.134 [Test worker] DEBUG com.zaxxer.hikari.HikariConfig - metricsTrackerFactory...........none
18:25:33.134 [Test worker] DEBUG com.zaxxer.hikari.HikariConfig - minimumIdle.....................2
18:25:33.134 [Test worker] DEBUG com.zaxxer.hikari.HikariConfig - password........................<masked>
18:25:33.134 [Test worker] DEBUG com.zaxxer.hikari.HikariConfig - poolName........................"HikariPool-2"
18:25:33.134 [Test worker] DEBUG com.zaxxer.hikari.HikariConfig - readOnly........................false
18:25:33.135 [Test worker] DEBUG com.zaxxer.hikari.HikariConfig - registerMbeans..................false
18:25:33.135 [Test worker] DEBUG com.zaxxer.hikari.HikariConfig - scheduledExecutor...............none
18:25:33.135 [Test worker] DEBUG com.zaxxer.hikari.HikariConfig - schema..........................none
18:25:33.135 [Test worker] DEBUG com.zaxxer.hikari.HikariConfig - threadFactory...................internal
18:25:33.135 [Test worker] DEBUG com.zaxxer.hikari.HikariConfig - transactionIsolation............default
18:25:33.135 [Test worker] DEBUG com.zaxxer.hikari.HikariConfig - username........................"milk"
18:25:33.135 [Test worker] DEBUG com.zaxxer.hikari.HikariConfig - validationTimeout...............5000
18:25:33.135 [Test worker] INFO com.zaxxer.hikari.HikariDataSource - HikariPool-2 - Starting...
18:25:33.136 [Test worker] DEBUG com.zaxxer.hikari.util.DriverDataSource - Loaded driver with class name org.postgresql.Driver for jdbcUrl=jdbc:postgresql://localhost:5432/milk_test
18:25:33.143 [Test worker] DEBUG com.zaxxer.hikari.pool.HikariPool - HikariPool-2 - Added connection org.postgresql.jdbc.PgConnection@176b3f44
18:25:33.143 [Test worker] INFO com.zaxxer.hikari.HikariDataSource - HikariPool-2 - Start completed.
]]></system-out>
  <system-err><![CDATA[]]></system-err>
</testsuite>
