<?xml version="1.0" encoding="UTF-8"?>
<testsuite name="test.milk.rabbitmq.BasicRabbitListenerTest" tests="3" skipped="0" failures="0" errors="0" timestamp="2022-05-01T00:25:35" hostname="Anuhyas-MacBook-Air.local" time="1.49">
  <properties/>
  <testcase name="listenerMany" classname="test.milk.rabbitmq.BasicRabbitListenerTest" time="0.66"/>
  <testcase name="listenerManyManualAck" classname="test.milk.rabbitmq.BasicRabbitListenerTest" time="0.59"/>
  <testcase name="listener" classname="test.milk.rabbitmq.BasicRabbitListenerTest" time="0.239"/>
  <system-out><![CDATA[18:25:35.910 [pool-7-thread-4] INFO test.milk.rabbitmq.TestHandler - handling 'aBody.1' on channel=many.2
18:25:35.913 [pool-7-thread-4] INFO test.milk.rabbitmq.TestHandler - handling 'aBody.5' on channel=many.2
18:25:35.910 [pool-9-thread-4] INFO test.milk.rabbitmq.TestHandler - handling 'aBody.2' on channel=many.4
18:25:35.910 [pool-8-thread-4] INFO test.milk.rabbitmq.TestHandler - handling 'aBody.3' on channel=many.3
18:25:35.910 [pool-6-thread-4] INFO test.milk.rabbitmq.TestHandler - handling 'aBody.4' on channel=many.1
18:25:35.914 [pool-7-thread-5] INFO test.milk.rabbitmq.TestHandler - handling 'aBody.9' on channel=many.2
18:25:35.915 [pool-7-thread-5] INFO test.milk.rabbitmq.TestHandler - handling 'aBody.13' on channel=many.2
18:25:35.915 [pool-7-thread-5] INFO test.milk.rabbitmq.TestHandler - handling 'aBody.17' on channel=many.2
18:25:35.914 [pool-6-thread-5] INFO test.milk.rabbitmq.TestHandler - handling 'aBody.8' on channel=many.1
18:25:35.915 [pool-6-thread-5] INFO test.milk.rabbitmq.TestHandler - handling 'aBody.12' on channel=many.1
18:25:35.915 [pool-6-thread-5] INFO test.milk.rabbitmq.TestHandler - handling 'aBody.16' on channel=many.1
18:25:35.914 [pool-9-thread-5] INFO test.milk.rabbitmq.TestHandler - handling 'aBody.6' on channel=many.4
18:25:35.914 [pool-8-thread-5] INFO test.milk.rabbitmq.TestHandler - handling 'aBody.7' on channel=many.3
18:25:35.916 [pool-8-thread-5] INFO test.milk.rabbitmq.TestHandler - handling 'aBody.11' on channel=many.3
18:25:35.916 [pool-8-thread-5] INFO test.milk.rabbitmq.TestHandler - handling 'aBody.15' on channel=many.3
18:25:35.916 [pool-8-thread-5] INFO test.milk.rabbitmq.TestHandler - handling 'aBody.19' on channel=many.3
18:25:35.915 [pool-7-thread-6] INFO test.milk.rabbitmq.TestHandler - handling 'aBody.21' on channel=many.2
18:25:35.916 [pool-7-thread-6] INFO test.milk.rabbitmq.TestHandler - handling 'aBody.25' on channel=many.2
18:25:35.916 [pool-7-thread-6] INFO test.milk.rabbitmq.TestHandler - handling 'aBody.29' on channel=many.2
18:25:35.916 [pool-7-thread-6] INFO test.milk.rabbitmq.TestHandler - handling 'aBody.33' on channel=many.2
18:25:35.915 [pool-9-thread-5] INFO test.milk.rabbitmq.TestHandler - handling 'aBody.10' on channel=many.4
18:25:35.916 [pool-9-thread-5] INFO test.milk.rabbitmq.TestHandler - handling 'aBody.14' on channel=many.4
18:25:35.916 [pool-9-thread-5] INFO test.milk.rabbitmq.TestHandler - handling 'aBody.18' on channel=many.4
18:25:35.916 [pool-6-thread-6] INFO test.milk.rabbitmq.TestHandler - handling 'aBody.20' on channel=many.1
18:25:35.917 [pool-6-thread-6] INFO test.milk.rabbitmq.TestHandler - handling 'aBody.24' on channel=many.1
18:25:35.917 [pool-6-thread-6] INFO test.milk.rabbitmq.TestHandler - handling 'aBody.28' on channel=many.1
18:25:35.917 [pool-6-thread-6] INFO test.milk.rabbitmq.TestHandler - handling 'aBody.32' on channel=many.1
18:25:35.917 [pool-8-thread-6] INFO test.milk.rabbitmq.TestHandler - handling 'aBody.23' on channel=many.3
18:25:35.917 [pool-8-thread-6] INFO test.milk.rabbitmq.TestHandler - handling 'aBody.27' on channel=many.3
18:25:35.917 [pool-8-thread-6] INFO test.milk.rabbitmq.TestHandler - handling 'aBody.31' on channel=many.3
18:25:35.917 [pool-9-thread-6] INFO test.milk.rabbitmq.TestHandler - handling 'aBody.22' on channel=many.4
18:25:35.918 [pool-9-thread-7] INFO test.milk.rabbitmq.TestHandler - handling 'aBody.26' on channel=many.4
18:25:35.918 [pool-9-thread-7] INFO test.milk.rabbitmq.TestHandler - handling 'aBody.30' on channel=many.4
18:25:35.918 [pool-9-thread-8] INFO test.milk.rabbitmq.TestHandler - handling 'aBody.34' on channel=many.4
18:25:35.919 [pool-8-thread-7] INFO test.milk.rabbitmq.TestHandler - handling 'aBody.35' on channel=many.3
18:25:35.919 [pool-8-thread-7] INFO test.milk.rabbitmq.TestHandler - handling 'aBody.39' on channel=many.3
18:25:35.920 [pool-8-thread-7] INFO test.milk.rabbitmq.TestHandler - handling 'aBody.43' on channel=many.3
18:25:35.920 [pool-6-thread-7] INFO test.milk.rabbitmq.TestHandler - handling 'aBody.36' on channel=many.1
18:25:35.920 [pool-6-thread-7] INFO test.milk.rabbitmq.TestHandler - handling 'aBody.40' on channel=many.1
18:25:35.920 [pool-8-thread-8] INFO test.milk.rabbitmq.TestHandler - handling 'aBody.47' on channel=many.3
18:25:35.920 [pool-6-thread-7] INFO test.milk.rabbitmq.TestHandler - handling 'aBody.44' on channel=many.1
18:25:35.920 [pool-6-thread-7] INFO test.milk.rabbitmq.TestHandler - handling 'aBody.48' on channel=many.1
18:25:35.920 [pool-7-thread-7] INFO test.milk.rabbitmq.TestHandler - handling 'aBody.37' on channel=many.2
18:25:35.920 [pool-7-thread-7] INFO test.milk.rabbitmq.TestHandler - handling 'aBody.41' on channel=many.2
18:25:35.920 [pool-7-thread-7] INFO test.milk.rabbitmq.TestHandler - handling 'aBody.45' on channel=many.2
18:25:35.920 [pool-7-thread-7] INFO test.milk.rabbitmq.TestHandler - handling 'aBody.49' on channel=many.2
18:25:35.921 [pool-9-thread-9] INFO test.milk.rabbitmq.TestHandler - handling 'aBody.38' on channel=many.4
18:25:35.921 [pool-9-thread-9] INFO test.milk.rabbitmq.TestHandler - handling 'aBody.42' on channel=many.4
18:25:35.921 [pool-9-thread-9] INFO test.milk.rabbitmq.TestHandler - handling 'aBody.46' on channel=many.4
18:25:35.921 [pool-9-thread-9] INFO test.milk.rabbitmq.TestHandler - handling 'aBody.50' on channel=many.4
18:25:36.504 [pool-23-thread-4] INFO test.milk.rabbitmq.ManualAckTestHandler - manually handling 'aBody.2' on channel=many.4
18:25:36.504 [pool-23-thread-4] INFO test.milk.rabbitmq.ManualAckTestHandler - manually handling 'aBody.4' on channel=many.4
18:25:36.505 [pool-21-thread-4] INFO test.milk.rabbitmq.ManualAckTestHandler - manually handling 'aBody.1' on channel=many.2
18:25:36.505 [pool-21-thread-4] INFO test.milk.rabbitmq.ManualAckTestHandler - manually handling 'aBody.3' on channel=many.2
18:25:36.505 [pool-21-thread-4] INFO test.milk.rabbitmq.ManualAckTestHandler - manually handling 'aBody.5' on channel=many.2
18:25:36.505 [pool-21-thread-4] INFO test.milk.rabbitmq.ManualAckTestHandler - manually handling 'aBody.7' on channel=many.2
18:25:36.505 [pool-23-thread-5] INFO test.milk.rabbitmq.ManualAckTestHandler - manually handling 'aBody.6' on channel=many.4
18:25:36.505 [pool-23-thread-5] INFO test.milk.rabbitmq.ManualAckTestHandler - manually handling 'aBody.8' on channel=many.4
18:25:36.506 [pool-23-thread-5] INFO test.milk.rabbitmq.ManualAckTestHandler - manually handling 'aBody.10' on channel=many.4
18:25:36.506 [pool-23-thread-5] INFO test.milk.rabbitmq.ManualAckTestHandler - manually handling 'aBody.12' on channel=many.4
18:25:36.506 [pool-23-thread-5] INFO test.milk.rabbitmq.ManualAckTestHandler - manually handling 'aBody.14' on channel=many.4
18:25:36.506 [pool-21-thread-5] INFO test.milk.rabbitmq.ManualAckTestHandler - manually handling 'aBody.9' on channel=many.2
18:25:36.506 [pool-23-thread-5] INFO test.milk.rabbitmq.ManualAckTestHandler - manually handling 'aBody.16' on channel=many.4
18:25:36.506 [pool-23-thread-5] INFO test.milk.rabbitmq.ManualAckTestHandler - manually handling 'aBody.18' on channel=many.4
18:25:36.506 [pool-21-thread-5] INFO test.milk.rabbitmq.ManualAckTestHandler - manually handling 'aBody.11' on channel=many.2
18:25:36.507 [pool-21-thread-5] INFO test.milk.rabbitmq.ManualAckTestHandler - manually handling 'aBody.13' on channel=many.2
18:25:36.507 [pool-21-thread-5] INFO test.milk.rabbitmq.ManualAckTestHandler - manually handling 'aBody.15' on channel=many.2
18:25:36.507 [pool-23-thread-5] INFO test.milk.rabbitmq.ManualAckTestHandler - manually handling 'aBody.20' on channel=many.4
18:25:36.507 [pool-21-thread-5] INFO test.milk.rabbitmq.ManualAckTestHandler - manually handling 'aBody.17' on channel=many.2
18:25:36.507 [pool-21-thread-5] INFO test.milk.rabbitmq.ManualAckTestHandler - manually handling 'aBody.19' on channel=many.2
18:25:36.507 [pool-21-thread-5] INFO test.milk.rabbitmq.ManualAckTestHandler - manually handling 'aBody.21' on channel=many.2
18:25:36.507 [pool-21-thread-5] INFO test.milk.rabbitmq.ManualAckTestHandler - manually handling 'aBody.23' on channel=many.2
18:25:36.507 [pool-23-thread-5] INFO test.milk.rabbitmq.ManualAckTestHandler - manually handling 'aBody.22' on channel=many.4
18:25:36.508 [pool-23-thread-5] INFO test.milk.rabbitmq.ManualAckTestHandler - manually handling 'aBody.24' on channel=many.4
18:25:36.508 [pool-21-thread-5] INFO test.milk.rabbitmq.ManualAckTestHandler - manually handling 'aBody.25' on channel=many.2
18:25:36.508 [pool-23-thread-5] INFO test.milk.rabbitmq.ManualAckTestHandler - manually handling 'aBody.26' on channel=many.4
18:25:36.508 [pool-21-thread-5] INFO test.milk.rabbitmq.ManualAckTestHandler - manually handling 'aBody.27' on channel=many.2
18:25:36.508 [pool-23-thread-5] INFO test.milk.rabbitmq.ManualAckTestHandler - manually handling 'aBody.28' on channel=many.4
18:25:36.508 [pool-21-thread-5] INFO test.milk.rabbitmq.ManualAckTestHandler - manually handling 'aBody.29' on channel=many.2
18:25:36.508 [pool-23-thread-5] INFO test.milk.rabbitmq.ManualAckTestHandler - manually handling 'aBody.30' on channel=many.4
18:25:36.508 [pool-21-thread-5] INFO test.milk.rabbitmq.ManualAckTestHandler - manually handling 'aBody.31' on channel=many.2
18:25:36.508 [pool-23-thread-5] INFO test.milk.rabbitmq.ManualAckTestHandler - manually handling 'aBody.32' on channel=many.4
18:25:36.508 [pool-21-thread-5] INFO test.milk.rabbitmq.ManualAckTestHandler - manually handling 'aBody.33' on channel=many.2
18:25:36.508 [pool-23-thread-5] INFO test.milk.rabbitmq.ManualAckTestHandler - manually handling 'aBody.34' on channel=many.4
18:25:36.508 [pool-21-thread-5] INFO test.milk.rabbitmq.ManualAckTestHandler - manually handling 'aBody.35' on channel=many.2
18:25:36.508 [pool-23-thread-5] INFO test.milk.rabbitmq.ManualAckTestHandler - manually handling 'aBody.36' on channel=many.4
18:25:36.508 [pool-21-thread-5] INFO test.milk.rabbitmq.ManualAckTestHandler - manually handling 'aBody.37' on channel=many.2
18:25:36.508 [pool-21-thread-5] INFO test.milk.rabbitmq.ManualAckTestHandler - manually handling 'aBody.39' on channel=many.2
18:25:36.509 [pool-23-thread-6] INFO test.milk.rabbitmq.ManualAckTestHandler - manually handling 'aBody.38' on channel=many.4
18:25:36.509 [pool-21-thread-6] INFO test.milk.rabbitmq.ManualAckTestHandler - manually handling 'aBody.41' on channel=many.2
18:25:36.509 [pool-23-thread-6] INFO test.milk.rabbitmq.ManualAckTestHandler - manually handling 'aBody.40' on channel=many.4
18:25:36.509 [pool-23-thread-6] INFO test.milk.rabbitmq.ManualAckTestHandler - manually handling 'aBody.42' on channel=many.4
18:25:36.509 [pool-21-thread-6] INFO test.milk.rabbitmq.ManualAckTestHandler - manually handling 'aBody.43' on channel=many.2
18:25:36.509 [pool-23-thread-6] INFO test.milk.rabbitmq.ManualAckTestHandler - manually handling 'aBody.44' on channel=many.4
18:25:36.509 [pool-21-thread-6] INFO test.milk.rabbitmq.ManualAckTestHandler - manually handling 'aBody.45' on channel=many.2
18:25:36.509 [pool-23-thread-6] INFO test.milk.rabbitmq.ManualAckTestHandler - manually handling 'aBody.46' on channel=many.4
18:25:36.509 [pool-21-thread-6] INFO test.milk.rabbitmq.ManualAckTestHandler - manually handling 'aBody.47' on channel=many.2
18:25:36.509 [pool-23-thread-6] INFO test.milk.rabbitmq.ManualAckTestHandler - manually handling 'aBody.48' on channel=many.4
18:25:36.509 [pool-21-thread-6] INFO test.milk.rabbitmq.ManualAckTestHandler - manually handling 'aBody.49' on channel=many.2
18:25:36.510 [pool-23-thread-6] INFO test.milk.rabbitmq.ManualAckTestHandler - manually handling 'aBody.50' on channel=many.4
18:25:37.066 [pool-34-thread-4] INFO test.milk.rabbitmq.TestHandler - handling 'aBody' on channel=single.1
]]></system-out>
  <system-err><![CDATA[]]></system-err>
</testsuite>
